0 info it worked if it ends with ok
1 verbose cli [ 'C:\\Program Files\\nodejs\\node.exe',
1 verbose cli   'C:\\Program Files\\nodejs\\node_modules\\npm\\bin\\npm-cli.js',
1 verbose cli   'install',
1 verbose cli   'gulp-source-maps',
1 verbose cli   '--save-dev' ]
2 info using npm@2.15.8
3 info using node@v4.4.7
4 verbose install initial load of C:\Users\Jake\Desktop\treehouse\treehouse_gulp\package.json
5 warn package.json treehouse_gulp@1.0.0 No description
6 warn package.json treehouse_gulp@1.0.0 No repository field.
7 warn package.json treehouse_gulp@1.0.0 No README data
8 verbose installManyTop reading scoped package data from C:\Users\Jake\Desktop\treehouse\treehouse_gulp\node_modules\gulp\package.json
9 verbose installManyTop reading scoped package data from C:\Users\Jake\Desktop\treehouse\treehouse_gulp\node_modules\gulp-concat\package.json
10 verbose installManyTop reading scoped package data from C:\Users\Jake\Desktop\treehouse\treehouse_gulp\node_modules\gulp-rename\package.json
11 verbose installManyTop reading scoped package data from C:\Users\Jake\Desktop\treehouse\treehouse_gulp\node_modules\gulp-sass\package.json
12 verbose installManyTop reading scoped package data from C:\Users\Jake\Desktop\treehouse\treehouse_gulp\node_modules\gulp-uglify\package.json
13 info package.json gulp-rename@1.2.2 No license field.
14 verbose readDependencies loading dependencies from C:\Users\Jake\Desktop\treehouse\treehouse_gulp\package.json
15 silly cache add args [ 'gulp-source-maps', null ]
16 verbose cache add spec gulp-source-maps
17 silly cache add parsed spec Result {
17 silly cache add   raw: 'gulp-source-maps',
17 silly cache add   scope: null,
17 silly cache add   name: 'gulp-source-maps',
17 silly cache add   rawSpec: '',
17 silly cache add   spec: 'latest',
17 silly cache add   type: 'tag' }
18 silly addNamed gulp-source-maps@latest
19 verbose addNamed "latest" is being treated as a dist-tag for gulp-source-maps
20 info addNameTag [ 'gulp-source-maps', 'latest' ]
21 silly mapToRegistry name gulp-source-maps
22 silly mapToRegistry using default registry
23 silly mapToRegistry registry https://registry.npmjs.org/
24 silly mapToRegistry data Result {
24 silly mapToRegistry   raw: 'gulp-source-maps',
24 silly mapToRegistry   scope: null,
24 silly mapToRegistry   name: 'gulp-source-maps',
24 silly mapToRegistry   rawSpec: '',
24 silly mapToRegistry   spec: 'latest',
24 silly mapToRegistry   type: 'tag' }
25 silly mapToRegistry uri https://registry.npmjs.org/gulp-source-maps
26 verbose addNameTag registry:https://registry.npmjs.org/gulp-source-maps not in flight; fetching
27 verbose request uri https://registry.npmjs.org/gulp-source-maps
28 verbose request no auth needed
29 info attempt registry request try #1 at 8:33:26 PM
30 verbose request id bb5d6efbc767eb3e
31 http request GET https://registry.npmjs.org/gulp-source-maps
32 http 404 https://registry.npmjs.org/gulp-source-maps
33 verbose headers { 'content-type': 'application/json',
33 verbose headers   'cache-control': 'max-age=0',
33 verbose headers   'content-length': '2',
33 verbose headers   'accept-ranges': 'bytes',
33 verbose headers   date: 'Thu, 22 Sep 2016 01:33:26 GMT',
33 verbose headers   via: '1.1 varnish',
33 verbose headers   age: '0',
33 verbose headers   connection: 'keep-alive',
33 verbose headers   'x-served-by': 'cache-dfw1828-DFW',
33 verbose headers   'x-cache': 'MISS',
33 verbose headers   'x-cache-hits': '0',
33 verbose headers   'x-timer': 'S1474508006.476229,VS0,VE79',
33 verbose headers   vary: 'Accept-Encoding' }
34 silly get cb [ 404,
34 silly get   { 'content-type': 'application/json',
34 silly get     'cache-control': 'max-age=0',
34 silly get     'content-length': '2',
34 silly get     'accept-ranges': 'bytes',
34 silly get     date: 'Thu, 22 Sep 2016 01:33:26 GMT',
34 silly get     via: '1.1 varnish',
34 silly get     age: '0',
34 silly get     connection: 'keep-alive',
34 silly get     'x-served-by': 'cache-dfw1828-DFW',
34 silly get     'x-cache': 'MISS',
34 silly get     'x-cache-hits': '0',
34 silly get     'x-timer': 'S1474508006.476229,VS0,VE79',
34 silly get     vary: 'Accept-Encoding' } ]
35 verbose stack Error: Registry returned 404 for GET on https://registry.npmjs.org/gulp-source-maps
35 verbose stack     at makeError (C:\Program Files\nodejs\node_modules\npm\node_modules\npm-registry-client\lib\request.js:264:12)
35 verbose stack     at CachingRegistryClient.<anonymous> (C:\Program Files\nodejs\node_modules\npm\node_modules\npm-registry-client\lib\request.js:242:14)
35 verbose stack     at Request._callback (C:\Program Files\nodejs\node_modules\npm\node_modules\npm-registry-client\lib\request.js:172:14)
35 verbose stack     at Request.self.callback (C:\Program Files\nodejs\node_modules\npm\node_modules\request\request.js:200:22)
35 verbose stack     at emitTwo (events.js:87:13)
35 verbose stack     at Request.emit (events.js:172:7)
35 verbose stack     at Request.<anonymous> (C:\Program Files\nodejs\node_modules\npm\node_modules\request\request.js:1067:10)
35 verbose stack     at emitOne (events.js:82:20)
35 verbose stack     at Request.emit (events.js:169:7)
35 verbose stack     at IncomingMessage.<anonymous> (C:\Program Files\nodejs\node_modules\npm\node_modules\request\request.js:988:12)
36 verbose statusCode 404
37 verbose pkgid gulp-source-maps
38 verbose cwd C:\Users\Jake\Desktop\treehouse\treehouse_gulp\scss
39 error Windows_NT 10.0.14393
40 error argv "C:\\Program Files\\nodejs\\node.exe" "C:\\Program Files\\nodejs\\node_modules\\npm\\bin\\npm-cli.js" "install" "gulp-source-maps" "--save-dev"
41 error node v4.4.7
42 error npm  v2.15.8
43 error code E404
44 error 404 Registry returned 404 for GET on https://registry.npmjs.org/gulp-source-maps
44 error 404
44 error 404 'gulp-source-maps' is not in the npm registry.
44 error 404 You should bug the author to publish it (or use the name yourself!)
44 error 404 It was specified as a dependency of 'treehouse_gulp'
44 error 404
44 error 404 Note that you can also install from a
44 error 404 tarball, folder, http url, or git url.
45 verbose exit [ 1, true ]
